<?xml version="1.0" encoding="UTF-8"?>
<!-- Generated by org.testng.reporters.JUnitReportReporter -->
<testsuite hostname="DESKTOP-QPRORP4" failures="0" tests="2" name="qaclickacademy.SeleniumTest" time="0.005" errors="0" timestamp="2020-09-12T18:36:10 CDT" skipped="0">
  <testcase classname="qaclickacademy.SeleniumTest" name="browserAutamation" time="0.005"/>
  <testcase classname="qaclickacademy.SeleniumTest" name="elementsUI" time="0.000"/>
</testsuite> <!-- qaclickacademy.SeleniumTest -->
